[25136:24676:0619/030946.894:INFO:components\enterprise\browser\controller\chrome_browser_cloud_management_controller.cc:202] No machine level policy manager exists.
[25136:24676:0619/030946.946:WARNING:chrome\browser\chrome_browser_main_win.cc:743] Command line too long for RegisterApplicationRestart:  --accept-lang=ja-JP,ja;q=0.9,en-US;q=0.8,en;q=0.7 --allow-pre-commit-input --app=https://www.instagram.com/accounts/login/ --disable-background-networking --disable-backgrounding-occluded-windows --disable-blink-features=AutomationControlled --disable-client-side-phishing-detection --disable-default-apps --disable-extensions --disable-features=TranslateUI --disable-hang-monitor --disable-infobars --disable-notifications --disable-popup-blocking --disable-prompt-on-repost --disable-save-password-bubble --disable-sync --disable-translate --enable-logging --ignore-certificate-errors --lang=ja-JP,ja;q=0.9,en-US;q=0.8,en;q=0.7 --log-level=0 --no-default-browser-check --no-first-run --no-service-autorun --password-store=basic --proxy-bypass-list=<-loopback> --proxy-server=http=127.0.0.1:62307;https=127.0.0.1:62307 --remote-debugging-port=0 --test-type=webdriver --use-mock-keychain --user-agent="Mozilla/5.0 (Windows NT 10.0; Win64; x64) AppleWebKit/537.36 (KHTML, like Gecko) Chrome/125.0.0.0 Safari/537.36" --user-data-dir="D:\moi\igtool-master\src\sessions\allraalbuqeru_profile" --restore-last-session --restart
[23936:23260:0619/030947.980:WARNING:ui\gl\direct_composition_support.cc:1167] QueryInterface to IDCompositionDevice4 failed: 不支持此接口 (0x80004002)
[25136:24676:0619/031008.069:INFO:CONSOLE:249] "
%cSTOP！ font-family:helvetica; font-size:20px; font-size:50px; font-weight:bold; color:red; -webkit-text-stroke:1px black;", source: https://static.cdninstagram.com/rsrc.php/v4/ys/r/66u5BEDF2Va.js (249)
[25136:24676:0619/031008.069:INFO:CONSOLE:249] "
%cこれは開発者向けのブラウザー機能です。Instagram機能を有効にするためまたは誰かのアカウントをハッキングするために、ここに何かをコピー・貼り付けするように言われた場合、それは第三者があなたのInstagramアカウントへのアクセスを得るための詐欺・不正行為です。 font-family:helvetica; font-size:20px; ", source: https://static.cdninstagram.com/rsrc.php/v4/ys/r/66u5BEDF2Va.js (249)
[25136:24676:0619/031008.069:INFO:CONSOLE:249] "
%c詳細はhttps://www.facebook.com/selfxssをご覧ください。 font-family:helvetica; font-size:20px; ", source: https://static.cdninstagram.com/rsrc.php/v4/ys/r/66u5BEDF2Va.js (249)
[25136:24676:0619/031008.069:INFO:CONSOLE:249] "
%c ", source: https://static.cdninstagram.com/rsrc.php/v4/ys/r/66u5BEDF2Va.js (249)
[25080:12716:0619/031009.031:WARNING:net\spdy\spdy_session.cc:3054] Received HEADERS for invalid stream 23
[25080:12716:0619/031009.174:WARNING:net\spdy\spdy_session.cc:3054] Received HEADERS for invalid stream 107
[25080:12716:0619/031009.196:WARNING:net\spdy\spdy_session.cc:3054] Received HEADERS for invalid stream 109
[25080:12716:0619/031009.484:WARNING:net\spdy\spdy_session.cc:3054] Received HEADERS for invalid stream 41
[25136:24676:0619/031012.619:INFO:CONSOLE:249] "
%cSTOP！ font-family:helvetica; font-size:20px; font-size:50px; font-weight:bold; color:red; -webkit-text-stroke:1px black;", source: https://static.cdninstagram.com/rsrc.php/v4/ys/r/66u5BEDF2Va.js (249)
[25136:24676:0619/031012.619:INFO:CONSOLE:249] "
%cこれは開発者向けのブラウザー機能です。Instagram機能を有効にするためまたは誰かのアカウントをハッキングするために、ここに何かをコピー・貼り付けするように言われた場合、それは第三者があなたのInstagramアカウントへのアクセスを得るための詐欺・不正行為です。 font-family:helvetica; font-size:20px; ", source: https://static.cdninstagram.com/rsrc.php/v4/ys/r/66u5BEDF2Va.js (249)
[25136:24676:0619/031012.619:INFO:CONSOLE:249] "
%c詳細はhttps://www.facebook.com/selfxssをご覧ください。 font-family:helvetica; font-size:20px; ", source: https://static.cdninstagram.com/rsrc.php/v4/ys/r/66u5BEDF2Va.js (249)
[25136:24676:0619/031012.619:INFO:CONSOLE:249] "
%c ", source: https://static.cdninstagram.com/rsrc.php/v4/ys/r/66u5BEDF2Va.js (249)
[25136:24676:0619/031039.218:INFO:CONSOLE:245] "Permissions policy violation: unload is not allowed in this document.", source: https://static.xx.fbcdn.net/rsrc.php/v4/ys/r/66u5BEDF2Va.js (245)
[25136:24676:0619/031044.100:INFO:CONSOLE:56] "ErrorUtils caught an error:

DTSG response is not valid: {"__ar":1,"error":1357004,"errorSummary":"\u30a8\u30e9\u30fc\u304c\u767a\u751f\u3057\u307e\u3057\u305f","errorDescription":"\u30d6\u30e9\u30a6\u30b6\u30fc\u3092\u4e00\u5ea6\u9589\u3058\u3066\u304b\u3089\u3082\u3046\u4e00\u5ea6\u958b\u3044\u3066\u307f\u3066\u304f\u3060\u3055\u3044\u3002","isNotCritical":1,"rid":"A7HrJJx_8tsq7uU2ehb6ghe","payload":null,"lid":"7517384391595834181"}'

Subsequent non-fatal errors won't be logged; see https://fburl.com/debugjs. [object Object]", source: https://static.cdninstagram.com/rsrc.php/v4iGlR4/yo/l/ja_JP-j/mGhTvRcr20x.js (56)
