[3124:6620:0618/235324.546:INFO:components\enterprise\browser\controller\chrome_browser_cloud_management_controller.cc:202] No machine level policy manager exists.
[3124:6620:0618/235324.569:WARNING:chrome\browser\chrome_browser_main_win.cc:743] Command line too long for RegisterApplicationRestart:  --accept-lang=fr-FR,fr;q=0.9,en-US;q=0.8,en;q=0.7 --allow-pre-commit-input --app=https://www.instagram.com/accounts/login/ --disable-background-networking --disable-backgrounding-occluded-windows --disable-blink-features=AutomationControlled --disable-client-side-phishing-detection --disable-default-apps --disable-extensions --disable-features=TranslateUI --disable-hang-monitor --disable-infobars --disable-notifications --disable-popup-blocking --disable-prompt-on-repost --disable-save-password-bubble --disable-sync --disable-translate --enable-logging --ignore-certificate-errors --lang=fr-FR,fr;q=0.9,en-US;q=0.8,en;q=0.7 --log-level=0 --no-default-browser-check --no-first-run --no-service-autorun --password-store=basic --proxy-bypass-list=<-loopback> --proxy-server=http=127.0.0.1:58961;https=127.0.0.1:58961 --remote-debugging-port=0 --test-type=webdriver --use-mock-keychain --user-agent="Mozilla/5.0 (Macintosh; Intel Mac OS X 10_15_7) AppleWebKit/537.36 (KHTML, like Gecko) Chrome/125.0.0.0 Safari/537.36" --user-data-dir="D:\backup15062025\sessions\samipicaso_profile" --restore-last-session --restart
[21004:18620:0618/235324.702:WARNING:ui\gl\direct_composition_support.cc:1167] QueryInterface to IDCompositionDevice4 failed: 不支持此接口 (0x80004002)
[3124:6620:0618/235330.795:INFO:CONSOLE:0] "[DOM] Input elements should have autocomplete attributes (suggested: "current-password"): (More info: https://goo.gl/9p2vKq) %o", source: https://www.instagram.com/accounts/login/ (0)
[3124:6620:0618/235333.079:INFO:CONSOLE:0] "[DOM] Input elements should have autocomplete attributes (suggested: "current-password"): (More info: https://goo.gl/9p2vKq) %o", source: https://www.instagram.com/ (0)
[3124:6620:0618/235333.400:INFO:CONSOLE:249] "
%cStop ! font-family:helvetica; font-size:20px; font-size:50px; font-weight:bold; color:red; -webkit-text-stroke:1px black;", source: https://static.cdninstagram.com/rsrc.php/v4/ys/r/66u5BEDF2Va.js (249)
[3124:6620:0618/235333.400:INFO:CONSOLE:249] "
%cIl s’agit d’une fonctionnalité de navigateur conçue pour les développeurs. Si quelqu’un vous a invité(e) à copier-coller quelque chose ici pour activer une fonctionnalité Instagram ou soi-disant pirater le compte d’un tiers, sachez que c’est une arnaque permettant à cette personne d’accéder à votre compte Instagram. font-family:helvetica; font-size:20px; ", source: https://static.cdninstagram.com/rsrc.php/v4/ys/r/66u5BEDF2Va.js (249)
[3124:6620:0618/235333.400:INFO:CONSOLE:249] "
%cVoir https://www.facebook.com/selfxss pour plus d’informations. font-family:helvetica; font-size:20px; ", source: https://static.cdninstagram.com/rsrc.php/v4/ys/r/66u5BEDF2Va.js (249)
[3124:6620:0618/235333.400:INFO:CONSOLE:249] "
%c ", source: https://static.cdninstagram.com/rsrc.php/v4/ys/r/66u5BEDF2Va.js (249)
[3124:6620:0618/235334.402:INFO:CONSOLE:76] "ErrorUtils caught an error:

Unable to parse uri "/ajax/bulk-route-definitions/" response. Error: Unexpected token '<', "<!DOCTYPE "... is not valid JSON, response: <!DOCTYPE html><html class="_9dls _ar44" lang="fr" dir="ltr"><head><link data-default-icon="https://static.cdninstagram.com/rsrc.php/v4/yI/r/VsNE-OHk_8a.png" rel="icon" sizes="192x192" href="https://static.cdninstagram.com/rsrc.php/v4/yI/r/VsNE-OHk_8a.png" /><meta name="bingbot" content="noarchive" /><meta name="robots" content="noarchive, noimageindex" /><meta charset="utf-8" /><meta name="apple-mobile-web-app-status-bar-style" content="default" /><meta name="mobile-web-app-capable" content="yes" /><meta id="viewport" name="viewport" content="width=device-width, initial-scale=1, minimum-scale=1, maximum-scale=2, viewport-fit=cover" /><meta name="theme-color" content="#ffffff" /><meta name="theme-color" content="#000000" media="(prefers-color-scheme: dark)" /><link rel="apple-touch-icon" sizes="76x76" href="https://static.cdninstagram.com/rsrc.php/v4/yR/r/lam-fZmwmvn.png" /><link rel="apple-touch-icon" sizes="120x120" href="https://static.cdninstagram.com/rsrc.php/v4/ys/r/aM-g435MtEX.p

Subsequent non-fatal errors won't be logged; see https://fburl.com/debugjs. [object Object]", source: https://static.cdninstagram.com/rsrc.php/v4/ys/r/66u5BEDF2Va.js (76)
[3124:6620:0618/235340.883:INFO:CONSOLE:249] "
%cStop ! font-family:helvetica; font-size:20px; font-size:50px; font-weight:bold; color:red; -webkit-text-stroke:1px black;", source: https://static.cdninstagram.com/rsrc.php/v4/ys/r/66u5BEDF2Va.js (249)
[3124:6620:0618/235340.883:INFO:CONSOLE:249] "
%cIl s’agit d’une fonctionnalité de navigateur conçue pour les développeurs. Si quelqu’un vous a invité(e) à copier-coller quelque chose ici pour activer une fonctionnalité Instagram ou soi-disant pirater le compte d’un tiers, sachez que c’est une arnaque permettant à cette personne d’accéder à votre compte Instagram. font-family:helvetica; font-size:20px; ", source: https://static.cdninstagram.com/rsrc.php/v4/ys/r/66u5BEDF2Va.js (249)
[3124:6620:0618/235340.883:INFO:CONSOLE:249] "
%cVoir https://www.facebook.com/selfxss pour plus d’informations. font-family:helvetica; font-size:20px; ", source: https://static.cdninstagram.com/rsrc.php/v4/ys/r/66u5BEDF2Va.js (249)
[3124:6620:0618/235340.883:INFO:CONSOLE:249] "
%c ", source: https://static.cdninstagram.com/rsrc.php/v4/ys/r/66u5BEDF2Va.js (249)
[3124:6620:0618/235342.156:INFO:CONSOLE:76] "ErrorUtils caught an error:

Unable to parse uri "/ajax/bulk-route-definitions/" response. Error: Unexpected token '<', "<!DOCTYPE "... is not valid JSON, response: <!DOCTYPE html><html class="_9dls _ar44" lang="fr" dir="ltr"><head><link data-default-icon="https://static.cdninstagram.com/rsrc.php/v4/yI/r/VsNE-OHk_8a.png" rel="icon" sizes="192x192" href="https://static.cdninstagram.com/rsrc.php/v4/yI/r/VsNE-OHk_8a.png" /><meta name="bingbot" content="noarchive" /><meta name="robots" content="noarchive, noimageindex" /><meta charset="utf-8" /><meta name="apple-mobile-web-app-status-bar-style" content="default" /><meta name="mobile-web-app-capable" content="yes" /><meta id="viewport" name="viewport" content="width=device-width, initial-scale=1, minimum-scale=1, maximum-scale=2, viewport-fit=cover" /><meta name="theme-color" content="#ffffff" /><meta name="theme-color" content="#000000" media="(prefers-color-scheme: dark)" /><link rel="apple-touch-icon" sizes="76x76" href="https://static.cdninstagram.com/rsrc.php/v4/yR/r/lam-fZmwmvn.png" /><link rel="apple-touch-icon" sizes="120x120" href="https://static.cdninstagram.com/rsrc.php/v4/ys/r/aM-g435MtEX.p

Subsequent non-fatal errors won't be logged; see https://fburl.com/debugjs. [object Object]", source: https://static.cdninstagram.com/rsrc.php/v4/ys/r/66u5BEDF2Va.js (76)
[3124:6620:0618/235346.830:INFO:CONSOLE:157] "Slow network is detected. See https://www.chromestatus.com/feature/5636954674692096 for more details. Fallback font will be used while loading: https://fonts.gstatic.com/s/roboto/v18/KFOmCnqEu92Fr1Mu4mxKKTU1Kg.woff2", source: https://www.gstatic.com/recaptcha/releases/GUGrl5YkSwpBsxsF3eY665Ye/recaptcha__fr.js (157)
[3124:6620:0618/235348.905:INFO:CONSOLE:157] "Slow network is detected. See https://www.chromestatus.com/feature/5636954674692096 for more details. Fallback font will be used while loading: https://fonts.gstatic.com/s/roboto/v18/KFOlCnqEu92Fr1MmYUtfBBc4AMP6lQ.woff2", source: https://www.gstatic.com/recaptcha/releases/GUGrl5YkSwpBsxsF3eY665Ye/recaptcha__fr.js (157)
[3124:6620:0618/235348.905:INFO:CONSOLE:157] "Slow network is detected. See https://www.chromestatus.com/feature/5636954674692096 for more details. Fallback font will be used while loading: https://fonts.gstatic.com/s/roboto/v18/KFOlCnqEu92Fr1MmEU9fBBc4AMP6lQ.woff2", source: https://www.gstatic.com/recaptcha/releases/GUGrl5YkSwpBsxsF3eY665Ye/recaptcha__fr.js (157)
[3124:6620:0618/235526.720:INFO:CONSOLE:0] "Blocked aria-hidden on an element because its descendant retained focus. The focus must not be hidden from assistive technology users. Avoid using aria-hidden on a focused element or its ancestor. Consider using the inert attribute instead, which will also prevent focus. For more details, see the aria-hidden section of the WAI-ARIA specification at https://w3c.github.io/aria/#aria-hidden.
Element with focus: <td.rc-imageselect-tile rc-imageselect-tileselected>
Ancestor with aria-hidden: <div.rc-imageselect-target#rc-imageselect-target>", source: https://www.google.com/recaptcha/api2/bframe?hl=fr&v=GUGrl5YkSwpBsxsF3eY665Ye&k=6LdktRgnAAAAAFQ6icovYI2-masYLFjEFyzQzpix (0)
[3124:6620:0618/235532.452:INFO:CONSOLE:0] "Blocked aria-hidden on an element because its descendant retained focus. The focus must not be hidden from assistive technology users. Avoid using aria-hidden on a focused element or its ancestor. Consider using the inert attribute instead, which will also prevent focus. For more details, see the aria-hidden section of the WAI-ARIA specification at https://w3c.github.io/aria/#aria-hidden.
Element with focus: <td.rc-imageselect-tile>
Ancestor with aria-hidden: <div.rc-imageselect-target#rc-imageselect-target>", source: https://www.google.com/recaptcha/api2/bframe?hl=fr&v=GUGrl5YkSwpBsxsF3eY665Ye&k=6LdktRgnAAAAAFQ6icovYI2-masYLFjEFyzQzpix (0)
[19692:17680:0618/235539.017:WARNING:net\extras\sqlite\sqlite_persistent_store_backend_base.cc:176] Failed to post task from FlushAndNotifyInBackground@net\extras\sqlite\sqlite_persistent_store_backend_base.cc:226 to client_task_runner_.
