[17812:4984:0619/014936.604:INFO:components\enterprise\browser\controller\chrome_browser_cloud_management_controller.cc:202] No machine level policy manager exists.
[17812:4984:0619/014936.629:WARNING:chrome\browser\chrome_browser_main_win.cc:743] Command line too long for RegisterApplicationRestart:  --accept-lang=en-US,en;q=0.9 --allow-pre-commit-input --app=https://www.instagram.com/accounts/login/ --disable-background-networking --disable-backgrounding-occluded-windows --disable-blink-features=AutomationControlled --disable-client-side-phishing-detection --disable-default-apps --disable-extensions --disable-features=TranslateUI --disable-hang-monitor --disable-infobars --disable-notifications --disable-popup-blocking --disable-prompt-on-repost --disable-save-password-bubble --disable-sync --disable-translate --enable-logging --ignore-certificate-errors --lang=en-US,en;q=0.9 --log-level=0 --no-default-browser-check --no-first-run --no-service-autorun --password-store=basic --proxy-bypass-list=<-loopback> --proxy-server=http=127.0.0.1:52454;https=127.0.0.1:52454 --remote-debugging-port=0 --test-type=webdriver --use-mock-keychain --user-agent="Mozilla/5.0 (Macintosh; Intel Mac OS X 10_15_7) AppleWebKit/537.36 (KHTML, like Gecko) Chrome/124.0.0.0 Safari/537.36" --user-data-dir="D:\moi\igtool-master\src\sessions\samipicaso_profile" --restore-last-session --restart
[22744:22088:0619/014937.051:WARNING:ui\gl\direct_composition_support.cc:1167] QueryInterface to IDCompositionDevice4 failed: 不支持此接口 (0x80004002)
[17812:4984:0619/014948.110:INFO:CONSOLE:0] "[DOM] Input elements should have autocomplete attributes (suggested: "current-password"): (More info: https://goo.gl/9p2vKq) %o", source: https://www.instagram.com/accounts/login/ (0)
[17812:4984:0619/014949.503:INFO:CONSOLE:249] "
%cStop! font-family:helvetica; font-size:20px; font-size:50px; font-weight:bold; color:red; -webkit-text-stroke:1px black;", source: https://static.cdninstagram.com/rsrc.php/v4/ys/r/66u5BEDF2Va.js (249)
[17812:4984:0619/014949.505:INFO:CONSOLE:249] "
%cThis is a browser feature intended for developers. If someone told you to copy-paste something here to enable an Instagram feature or "hack" someone's account, it is a scam and will give them access to your Instagram account. font-family:helvetica; font-size:20px; ", source: https://static.cdninstagram.com/rsrc.php/v4/ys/r/66u5BEDF2Va.js (249)
[17812:4984:0619/014949.505:INFO:CONSOLE:249] "
%cSee https://www.facebook.com/selfxss for more information. font-family:helvetica; font-size:20px; ", source: https://static.cdninstagram.com/rsrc.php/v4/ys/r/66u5BEDF2Va.js (249)
[17812:4984:0619/014949.505:INFO:CONSOLE:249] "
%c ", source: https://static.cdninstagram.com/rsrc.php/v4/ys/r/66u5BEDF2Va.js (249)
[20288:12404:0619/014950.807:WARNING:net\spdy\spdy_session.cc:3054] Received HEADERS for invalid stream 27
[17812:4984:0619/014953.320:INFO:CONSOLE:249] "
%cStop! font-family:helvetica; font-size:20px; font-size:50px; font-weight:bold; color:red; -webkit-text-stroke:1px black;", source: https://static.cdninstagram.com/rsrc.php/v4/ys/r/66u5BEDF2Va.js (249)
[17812:4984:0619/014953.322:INFO:CONSOLE:249] "
%cThis is a browser feature intended for developers. If someone told you to copy-paste something here to enable an Instagram feature or "hack" someone's account, it is a scam and will give them access to your Instagram account. font-family:helvetica; font-size:20px; ", source: https://static.cdninstagram.com/rsrc.php/v4/ys/r/66u5BEDF2Va.js (249)
[17812:4984:0619/014953.322:INFO:CONSOLE:249] "
%cSee https://www.facebook.com/selfxss for more information. font-family:helvetica; font-size:20px; ", source: https://static.cdninstagram.com/rsrc.php/v4/ys/r/66u5BEDF2Va.js (249)
[17812:4984:0619/014953.322:INFO:CONSOLE:249] "
%c ", source: https://static.cdninstagram.com/rsrc.php/v4/ys/r/66u5BEDF2Va.js (249)
[17812:4984:0619/014953.423:INFO:CONSOLE:0] "[DOM] Input elements should have autocomplete attributes (suggested: "current-password"): (More info: https://goo.gl/9p2vKq) %o", source: https://www.instagram.com/ (0)
[17812:4984:0619/015000.598:INFO:CONSOLE:76] "ErrorUtils caught an error:

Unable to parse uri "/ajax/bulk-route-definitions/" response. Error: Unexpected token '<', "<!DOCTYPE "... is not valid JSON, response: <!DOCTYPE html><html class="_9dls _ar44" lang="en" dir="ltr"><head><link data-default-icon="https://static.cdninstagram.com/rsrc.php/v4/yI/r/VsNE-OHk_8a.png" rel="icon" sizes="192x192" href="https://static.cdninstagram.com/rsrc.php/v4/yI/r/VsNE-OHk_8a.png" /><meta name="bingbot" content="noarchive" /><meta name="robots" content="noarchive, noimageindex" /><meta charset="utf-8" /><meta name="apple-mobile-web-app-status-bar-style" content="default" /><meta name="mobile-web-app-capable" content="yes" /><meta id="viewport" name="viewport" content="width=device-width, initial-scale=1, minimum-scale=1, maximum-scale=2, viewport-fit=cover" /><meta name="theme-color" content="#ffffff" /><meta name="theme-color" content="#000000" media="(prefers-color-scheme: dark)" /><link rel="apple-touch-icon" sizes="76x76" href="https://static.cdninstagram.com/rsrc.php/v4/yR/r/lam-fZmwmvn.png" /><link rel="apple-touch-icon" sizes="120x120" href="https://static.cdninstagram.com/rsrc.php/v4/ys/r/aM-g435MtEX.p

Subsequent non-fatal errors won't be logged; see https://fburl.com/debugjs. [object Object]", source: https://static.cdninstagram.com/rsrc.php/v4/ys/r/66u5BEDF2Va.js (76)
[20288:12404:0619/015008.679:WARNING:net\spdy\spdy_session.cc:3054] Received HEADERS for invalid stream 87
[17812:4984:0619/015014.606:INFO:CONSOLE:249] "
%cStop! font-family:helvetica; font-size:20px; font-size:50px; font-weight:bold; color:red; -webkit-text-stroke:1px black;", source: https://static.cdninstagram.com/rsrc.php/v4/ys/r/66u5BEDF2Va.js (249)
[17812:4984:0619/015014.607:INFO:CONSOLE:249] "
%cThis is a browser feature intended for developers. If someone told you to copy-paste something here to enable an Instagram feature or "hack" someone's account, it is a scam and will give them access to your Instagram account. font-family:helvetica; font-size:20px; ", source: https://static.cdninstagram.com/rsrc.php/v4/ys/r/66u5BEDF2Va.js (249)
[17812:4984:0619/015014.607:INFO:CONSOLE:249] "
%cSee https://www.facebook.com/selfxss for more information. font-family:helvetica; font-size:20px; ", source: https://static.cdninstagram.com/rsrc.php/v4/ys/r/66u5BEDF2Va.js (249)
[17812:4984:0619/015014.607:INFO:CONSOLE:249] "
%c ", source: https://static.cdninstagram.com/rsrc.php/v4/ys/r/66u5BEDF2Va.js (249)
[17812:4984:0619/015016.638:WARNING:chrome\browser\performance_manager\policies\page_discarding_helper.cc:137] Discarding multiple pages with target (kb): 0, discard_protected_tabs: 0
[17812:4984:0619/015019.736:INFO:CONSOLE:76] "ErrorUtils caught an error:

Unable to parse uri "/ajax/bulk-route-definitions/" response. Error: Unexpected token '<', "<!DOCTYPE "... is not valid JSON, response: <!DOCTYPE html><html class="_9dls _ar44" lang="en" dir="ltr"><head><link data-default-icon="https://static.cdninstagram.com/rsrc.php/v4/yI/r/VsNE-OHk_8a.png" rel="icon" sizes="192x192" href="https://static.cdninstagram.com/rsrc.php/v4/yI/r/VsNE-OHk_8a.png" /><meta name="bingbot" content="noarchive" /><meta name="robots" content="noarchive, noimageindex" /><meta charset="utf-8" /><meta name="apple-mobile-web-app-status-bar-style" content="default" /><meta name="mobile-web-app-capable" content="yes" /><meta id="viewport" name="viewport" content="width=device-width, initial-scale=1, minimum-scale=1, maximum-scale=2, viewport-fit=cover" /><meta name="theme-color" content="#ffffff" /><meta name="theme-color" content="#000000" media="(prefers-color-scheme: dark)" /><link rel="apple-touch-icon" sizes="76x76" href="https://static.cdninstagram.com/rsrc.php/v4/yR/r/lam-fZmwmvn.png" /><link rel="apple-touch-icon" sizes="120x120" href="https://static.cdninstagram.com/rsrc.php/v4/ys/r/aM-g435MtEX.p

Subsequent non-fatal errors won't be logged; see https://fburl.com/debugjs. [object Object]", source: https://static.cdninstagram.com/rsrc.php/v4/ys/r/66u5BEDF2Va.js (76)
