[16104:11180:0619/204324.605:INFO:components\enterprise\browser\controller\chrome_browser_cloud_management_controller.cc:202] No machine level policy manager exists.
[16104:11180:0619/204324.782:WARNING:chrome\browser\chrome_browser_main_win.cc:743] Command line too long for RegisterApplicationRestart:  --accept-lang=en-US,en;q=0.9 --allow-pre-commit-input --app=https://www.instagram.com/ --disable-background-networking --disable-background-timer-throttling --disable-backgrounding-occluded-windows --disable-blink-features=AutomationControlled --disable-client-side-phishing-detection --disable-default-apps --disable-extensions --disable-features=TranslateUI,TranslateUI,VizDisplayCompositor --disable-hang-monitor --disable-infobars --disable-mobile-emulation --disable-notifications --disable-popup-blocking --disable-prompt-on-repost --disable-renderer-backgrounding --disable-restore-session-state --disable-save-password-bubble --disable-session-crashed-bubble --disable-sync --disable-translate --enable-logging --force-device-scale-factor=1 --ignore-certificate-errors --lang=en-US,en;q=0.9 --log-level=0 --no-default-browser-check --no-first-run --no-service-autorun --password-store=basic --proxy-bypass-list=<-loopback> --proxy-server=http=127.0.0.1:61642;https=127.0.0.1:61642 --remote-debugging-port=0 --test-type=webdriver --use-mock-keychain --user-agent="Mozilla/5.0 (Windows NT 10.0; Win64; x64) AppleWebKit/537.36 (KHTML, like Gecko) Chrome/124.0.0.0 Safari/537.36" --user-data-dir="D:\moi\igtool-master\sessions\ybahafrehrestan_profile" --window-size=450,380 --restore-last-session --restart
[19448:19824:0619/204325.432:WARNING:ui\gl\direct_composition_support.cc:1167] QueryInterface to IDCompositionDevice4 failed: 不支持此接口 (0x80004002)
[17888:18024:0619/204335.657:WARNING:net\disk_cache\blockfile\backend_impl.cc:1759] Destroying invalid entry.
[17888:18024:0619/204336.255:WARNING:net\disk_cache\blockfile\backend_impl.cc:1759] Destroying invalid entry.
[16104:11180:0619/204340.597:INFO:CONSOLE:250] "
%cStop! font-family:helvetica; font-size:20px; font-size:50px; font-weight:bold; color:red; -webkit-text-stroke:1px black;", source: https://static.cdninstagram.com/rsrc.php/v4/yu/r/R6-Uxg_mUAY.js (250)
[16104:11180:0619/204340.597:INFO:CONSOLE:250] "
%cThis is a browser feature intended for developers. If someone told you to copy-paste something here to enable an Instagram feature or "hack" someone's account, it is a scam and will give them access to your Instagram account. font-family:helvetica; font-size:20px; ", source: https://static.cdninstagram.com/rsrc.php/v4/yu/r/R6-Uxg_mUAY.js (250)
[16104:11180:0619/204340.597:INFO:CONSOLE:250] "
%cSee https://www.facebook.com/selfxss for more information. font-family:helvetica; font-size:20px; ", source: https://static.cdninstagram.com/rsrc.php/v4/yu/r/R6-Uxg_mUAY.js (250)
[16104:11180:0619/204340.597:INFO:CONSOLE:250] "
%c ", source: https://static.cdninstagram.com/rsrc.php/v4/yu/r/R6-Uxg_mUAY.js (250)
[16104:11180:0619/204349.572:INFO:CONSOLE:250] "
%cStop! font-family:helvetica; font-size:20px; font-size:50px; font-weight:bold; color:red; -webkit-text-stroke:1px black;", source: https://static.cdninstagram.com/rsrc.php/v4/yu/r/R6-Uxg_mUAY.js (250)
[16104:11180:0619/204349.572:INFO:CONSOLE:250] "
%cThis is a browser feature intended for developers. If someone told you to copy-paste something here to enable an Instagram feature or "hack" someone's account, it is a scam and will give them access to your Instagram account. font-family:helvetica; font-size:20px; ", source: https://static.cdninstagram.com/rsrc.php/v4/yu/r/R6-Uxg_mUAY.js (250)
[16104:11180:0619/204349.572:INFO:CONSOLE:250] "
%cSee https://www.facebook.com/selfxss for more information. font-family:helvetica; font-size:20px; ", source: https://static.cdninstagram.com/rsrc.php/v4/yu/r/R6-Uxg_mUAY.js (250)
[16104:11180:0619/204349.572:INFO:CONSOLE:250] "
%c ", source: https://static.cdninstagram.com/rsrc.php/v4/yu/r/R6-Uxg_mUAY.js (250)
[16104:11180:0619/204351.075:INFO:CONSOLE:76] "ErrorUtils caught an error:

(XHRRequest): {"errorCode":"HTTP_TRANSPORT_ERROR","errorMsg":"","errorRawTransport":"XMLHttpRequest","errorRawTransportStatus":0,"errorRawResponseHeaders":null,"errorType":"HTTP"} [Caught in: Unable to download and inject BT manifest "longtail" for version: 1024008389]

Subsequent non-fatal errors won't be logged; see https://fburl.com/debugjs. [object Object]", source: https://static.cdninstagram.com/rsrc.php/v4/yu/r/R6-Uxg_mUAY.js (76)
[16104:11180:0619/204351.150:INFO:CONSOLE:8] "Uncaught NetworkError: Failed to execute 'importScripts' on 'WorkerGlobalScope': The script at 'https://static.cdninstagram.com/rsrc.php/v4/yQ/r/-9-RclSQAwo.js' failed to load.", source: https://www.instagram.com/www-service-worker.js?s=push&__d=www&enableAddToHomeScreen=false&zenon_device_id=bf2189bd-5343-446e-b354-f880856a110f (8)
[16104:11180:0619/204351.150:INFO:CONSOLE:0] "An unknown error occurred when fetching the script.", source:  (0)
[17888:6168:0619/204351.208:ERROR:net\socket\ssl_client_socket_impl.cc:878] handshake failed; returned -1, SSL error code 1, net_error -100
[17888:6168:0619/204351.222:ERROR:net\socket\ssl_client_socket_impl.cc:878] handshake failed; returned -1, SSL error code 1, net_error -100
