[19692:6132:0618/235632.062:INFO:components\enterprise\browser\controller\chrome_browser_cloud_management_controller.cc:202] No machine level policy manager exists.
[19692:6132:0618/235632.095:WARNING:chrome\browser\chrome_browser_main_win.cc:743] Command line too long for RegisterApplicationRestart:  --accept-lang=vi-VN,vi;q=0.9,en-US;q=0.8,en;q=0.7 --allow-pre-commit-input --app=https://www.instagram.com/accounts/login/ --disable-background-networking --disable-backgrounding-occluded-windows --disable-blink-features=AutomationControlled --disable-client-side-phishing-detection --disable-default-apps --disable-extensions --disable-features=TranslateUI --disable-hang-monitor --disable-infobars --disable-notifications --disable-popup-blocking --disable-prompt-on-repost --disable-save-password-bubble --disable-sync --disable-translate --enable-logging --ignore-certificate-errors --lang=vi-VN,vi;q=0.9,en-US;q=0.8,en;q=0.7 --log-level=0 --no-default-browser-check --no-first-run --no-service-autorun --password-store=basic --proxy-bypass-list=<-loopback> --proxy-server=http=127.0.0.1:59141;https=127.0.0.1:59141 --remote-debugging-port=0 --test-type=webdriver --use-mock-keychain --user-agent="Mozilla/5.0 (Windows NT 10.0; Win64; x64) AppleWebKit/537.36 (KHTML, like Gecko) Chrome/123.0.0.0 Safari/537.36" --user-data-dir="D:\backup15062025\sessions\hieudan270_profile" --restore-last-session --restart
[20764:13416:0618/235632.237:WARNING:ui\gl\direct_composition_support.cc:1167] QueryInterface to IDCompositionDevice4 failed: 不支持此接口 (0x80004002)
[19692:6132:0618/235638.636:INFO:CONSOLE:0] "[DOM] Input elements should have autocomplete attributes (suggested: "current-password"): (More info: https://goo.gl/9p2vKq) %o", source: https://www.instagram.com/accounts/login/ (0)
[19692:6132:0618/235638.883:INFO:CONSOLE:249] "
%cDừng lại! font-family:helvetica; font-size:20px; font-size:50px; font-weight:bold; color:red; -webkit-text-stroke:1px black;", source: https://static.cdninstagram.com/rsrc.php/v4/ys/r/66u5BEDF2Va.js (249)
[19692:6132:0618/235638.883:INFO:CONSOLE:249] "
%cĐây là một tính năng của trình duyệt dành cho các nhà phát triển. Nếu ai đó yêu cầu bạn sao chép rồi dán nội dung nào đó vào đây để bật một tính năng của Instagram hoặc "hack" tài khoản của người khác, đó là hành vi lừa đảo và sẽ khiến họ có thể truy cập vào tài khoản Instagram của bạn. font-family:helvetica; font-size:20px; ", source: https://static.cdninstagram.com/rsrc.php/v4/ys/r/66u5BEDF2Va.js (249)
[19692:6132:0618/235638.884:INFO:CONSOLE:249] "
%cXem https://www.facebook.com/selfxss để biết thêm thông tin. font-family:helvetica; font-size:20px; ", source: https://static.cdninstagram.com/rsrc.php/v4/ys/r/66u5BEDF2Va.js (249)
[19692:6132:0618/235638.884:INFO:CONSOLE:249] "
%c ", source: https://static.cdninstagram.com/rsrc.php/v4/ys/r/66u5BEDF2Va.js (249)
[19692:6132:0618/235641.289:INFO:CONSOLE:249] "
%cDừng lại! font-family:helvetica; font-size:20px; font-size:50px; font-weight:bold; color:red; -webkit-text-stroke:1px black;", source: https://static.cdninstagram.com/rsrc.php/v4/ys/r/66u5BEDF2Va.js (249)
[19692:6132:0618/235641.289:INFO:CONSOLE:249] "
%cĐây là một tính năng của trình duyệt dành cho các nhà phát triển. Nếu ai đó yêu cầu bạn sao chép rồi dán nội dung nào đó vào đây để bật một tính năng của Instagram hoặc "hack" tài khoản của người khác, đó là hành vi lừa đảo và sẽ khiến họ có thể truy cập vào tài khoản Instagram của bạn. font-family:helvetica; font-size:20px; ", source: https://static.cdninstagram.com/rsrc.php/v4/ys/r/66u5BEDF2Va.js (249)
[19692:6132:0618/235641.289:INFO:CONSOLE:249] "
%cXem https://www.facebook.com/selfxss để biết thêm thông tin. font-family:helvetica; font-size:20px; ", source: https://static.cdninstagram.com/rsrc.php/v4/ys/r/66u5BEDF2Va.js (249)
[19692:6132:0618/235641.290:INFO:CONSOLE:249] "
%c ", source: https://static.cdninstagram.com/rsrc.php/v4/ys/r/66u5BEDF2Va.js (249)
[19692:6132:0618/235641.318:INFO:CONSOLE:0] "[DOM] Input elements should have autocomplete attributes (suggested: "current-password"): (More info: https://goo.gl/9p2vKq) %o", source: https://www.instagram.com/ (0)
[19692:6132:0618/235642.804:INFO:CONSOLE:76] "ErrorUtils caught an error:

Unable to parse uri "/ajax/bulk-route-definitions/" response. Error: Unexpected token '<', "<!DOCTYPE "... is not valid JSON, response: <!DOCTYPE html><html class="_9dls _ar44" lang="vi" dir="ltr"><head><link data-default-icon="https://static.cdninstagram.com/rsrc.php/v4/yI/r/VsNE-OHk_8a.png" rel="icon" sizes="192x192" href="https://static.cdninstagram.com/rsrc.php/v4/yI/r/VsNE-OHk_8a.png" /><meta name="bingbot" content="noarchive" /><meta name="robots" content="noarchive, noimageindex" /><meta charset="utf-8" /><meta name="apple-mobile-web-app-status-bar-style" content="default" /><meta name="mobile-web-app-capable" content="yes" /><meta id="viewport" name="viewport" content="width=device-width, initial-scale=1, minimum-scale=1, maximum-scale=2, viewport-fit=cover" /><meta name="theme-color" content="#ffffff" /><meta name="theme-color" content="#000000" media="(prefers-color-scheme: dark)" /><link rel="apple-touch-icon" sizes="76x76" href="https://static.cdninstagram.com/rsrc.php/v4/yR/r/lam-fZmwmvn.png" /><link rel="apple-touch-icon" sizes="120x120" href="https://static.cdninstagram.com/rsrc.php/v4/ys/r/aM-g435MtEX.p

Subsequent non-fatal errors won't be logged; see https://fburl.com/debugjs. [object Object]", source: https://static.cdninstagram.com/rsrc.php/v4/ys/r/66u5BEDF2Va.js (76)
[19692:6132:0618/235645.366:WARNING:components\download\internal\background_service\controller_impl.cc:1187] Background download complete, client: 6, completion type: 0, file size:5155
[19692:6132:0618/235645.724:WARNING:components\download\internal\background_service\controller_impl.cc:1187] Background download complete, client: 6, completion type: 0, file size:265059
[19692:6132:0618/235646.462:WARNING:components\download\internal\background_service\controller_impl.cc:1187] Background download complete, client: 6, completion type: 0, file size:45153
[19692:6132:0618/235649.465:INFO:CONSOLE:249] "
%cDừng lại! font-family:helvetica; font-size:20px; font-size:50px; font-weight:bold; color:red; -webkit-text-stroke:1px black;", source: https://static.cdninstagram.com/rsrc.php/v4/ys/r/66u5BEDF2Va.js (249)
[19692:6132:0618/235649.465:INFO:CONSOLE:249] "
%cĐây là một tính năng của trình duyệt dành cho các nhà phát triển. Nếu ai đó yêu cầu bạn sao chép rồi dán nội dung nào đó vào đây để bật một tính năng của Instagram hoặc "hack" tài khoản của người khác, đó là hành vi lừa đảo và sẽ khiến họ có thể truy cập vào tài khoản Instagram của bạn. font-family:helvetica; font-size:20px; ", source: https://static.cdninstagram.com/rsrc.php/v4/ys/r/66u5BEDF2Va.js (249)
[19692:6132:0618/235649.465:INFO:CONSOLE:249] "
%cXem https://www.facebook.com/selfxss để biết thêm thông tin. font-family:helvetica; font-size:20px; ", source: https://static.cdninstagram.com/rsrc.php/v4/ys/r/66u5BEDF2Va.js (249)
[19692:6132:0618/235649.465:INFO:CONSOLE:249] "
%c ", source: https://static.cdninstagram.com/rsrc.php/v4/ys/r/66u5BEDF2Va.js (249)
[19692:6132:0618/235650.772:INFO:CONSOLE:76] "ErrorUtils caught an error:

Unable to parse uri "/ajax/bulk-route-definitions/" response. Error: Unexpected token '<', "<!DOCTYPE "... is not valid JSON, response: <!DOCTYPE html><html class="_9dls _ar44" lang="vi" dir="ltr"><head><link data-default-icon="https://static.cdninstagram.com/rsrc.php/v4/yI/r/VsNE-OHk_8a.png" rel="icon" sizes="192x192" href="https://static.cdninstagram.com/rsrc.php/v4/yI/r/VsNE-OHk_8a.png" /><meta name="bingbot" content="noarchive" /><meta name="robots" content="noarchive, noimageindex" /><meta charset="utf-8" /><meta name="apple-mobile-web-app-status-bar-style" content="default" /><meta name="mobile-web-app-capable" content="yes" /><meta id="viewport" name="viewport" content="width=device-width, initial-scale=1, minimum-scale=1, maximum-scale=2, viewport-fit=cover" /><meta name="theme-color" content="#ffffff" /><meta name="theme-color" content="#000000" media="(prefers-color-scheme: dark)" /><link rel="apple-touch-icon" sizes="76x76" href="https://static.cdninstagram.com/rsrc.php/v4/yR/r/lam-fZmwmvn.png" /><link rel="apple-touch-icon" sizes="120x120" href="https://static.cdninstagram.com/rsrc.php/v4/ys/r/aM-g435MtEX.p

Subsequent non-fatal errors won't be logged; see https://fburl.com/debugjs. [object Object]", source: https://static.cdninstagram.com/rsrc.php/v4/ys/r/66u5BEDF2Va.js (76)
