[7772:18164:0619/202140.087:INFO:components\enterprise\browser\controller\chrome_browser_cloud_management_controller.cc:202] No machine level policy manager exists.
[7772:18164:0619/202140.235:WARNING:chrome\browser\chrome_browser_main_win.cc:743] Command line too long for RegisterApplicationRestart:  --accept-lang=de-DE,de;q=0.9,en-US;q=0.8,en;q=0.7 --allow-pre-commit-input --app=https://www.instagram.com/ --disable-background-networking --disable-background-timer-throttling --disable-backgrounding-occluded-windows --disable-blink-features=AutomationControlled --disable-client-side-phishing-detection --disable-default-apps --disable-extensions --disable-features=TranslateUI,TranslateUI,VizDisplayCompositor --disable-hang-monitor --disable-infobars --disable-mobile-emulation --disable-notifications --disable-popup-blocking --disable-prompt-on-repost --disable-renderer-backgrounding --disable-restore-session-state --disable-save-password-bubble --disable-session-crashed-bubble --disable-sync --disable-translate --enable-logging --force-device-scale-factor=1 --ignore-certificate-errors --lang=de-DE,de;q=0.9,en-US;q=0.8,en;q=0.7 --log-level=0 --no-default-browser-check --no-first-run --no-service-autorun --password-store=basic --proxy-bypass-list=<-loopback> --proxy-server=http=127.0.0.1:60369;https=127.0.0.1:60369 --remote-debugging-port=0 --test-type=webdriver --use-mock-keychain --user-agent="Mozilla/5.0 (Macintosh; Intel Mac OS X 10_15_7) AppleWebKit/537.36 (KHTML, like Gecko) Chrome/124.0.0.0 Safari/537.36" --user-data-dir="D:\moi\igtool-master\sessions\floryfruts_profile" --window-size=450,380 --restore-last-session --restart
[10424:10892:0619/202141.104:WARNING:ui\gl\direct_composition_support.cc:1167] QueryInterface to IDCompositionDevice4 failed: 不支持此接口 (0x80004002)
[7772:18164:0619/202154.221:INFO:CONSOLE:250] "
%cStopp! font-family:helvetica; font-size:20px; font-size:50px; font-weight:bold; color:red; -webkit-text-stroke:1px black;", source: https://static.cdninstagram.com/rsrc.php/v4/yu/r/R6-Uxg_mUAY.js (250)
[7772:18164:0619/202154.221:INFO:CONSOLE:250] "
%cDies ist eine Browser-Funktion, die für Entwickler bestimmt ist. Wenn dir jemand gesagt hat, dass du hier etwas per Copy-Paste einfügen sollst, um ein Instagram-Feature zu freizuschalten oder das Konto von jemandem zu „hacken“, ist das ein betrügerischer Trick, mit dem diese Person Zugriff auf dein Instagram-Konto erhält. font-family:helvetica; font-size:20px; ", source: https://static.cdninstagram.com/rsrc.php/v4/yu/r/R6-Uxg_mUAY.js (250)
[7772:18164:0619/202154.222:INFO:CONSOLE:250] "
%cWeitere Informationen findest Du unter https://www.facebook.com/selfxss. font-family:helvetica; font-size:20px; ", source: https://static.cdninstagram.com/rsrc.php/v4/yu/r/R6-Uxg_mUAY.js (250)
[7772:18164:0619/202154.222:INFO:CONSOLE:250] "
%c ", source: https://static.cdninstagram.com/rsrc.php/v4/yu/r/R6-Uxg_mUAY.js (250)
[7772:18164:0619/202201.265:INFO:CONSOLE:250] "
%cStopp! font-family:helvetica; font-size:20px; font-size:50px; font-weight:bold; color:red; -webkit-text-stroke:1px black;", source: https://static.cdninstagram.com/rsrc.php/v4/yu/r/R6-Uxg_mUAY.js (250)
[7772:18164:0619/202201.265:INFO:CONSOLE:250] "
%cDies ist eine Browser-Funktion, die für Entwickler bestimmt ist. Wenn dir jemand gesagt hat, dass du hier etwas per Copy-Paste einfügen sollst, um ein Instagram-Feature zu freizuschalten oder das Konto von jemandem zu „hacken“, ist das ein betrügerischer Trick, mit dem diese Person Zugriff auf dein Instagram-Konto erhält. font-family:helvetica; font-size:20px; ", source: https://static.cdninstagram.com/rsrc.php/v4/yu/r/R6-Uxg_mUAY.js (250)
[7772:18164:0619/202201.265:INFO:CONSOLE:250] "
%cWeitere Informationen findest Du unter https://www.facebook.com/selfxss. font-family:helvetica; font-size:20px; ", source: https://static.cdninstagram.com/rsrc.php/v4/yu/r/R6-Uxg_mUAY.js (250)
[7772:18164:0619/202201.265:INFO:CONSOLE:250] "
%c ", source: https://static.cdninstagram.com/rsrc.php/v4/yu/r/R6-Uxg_mUAY.js (250)
[7772:18164:0619/202206.312:INFO:CONSOLE:76] "ErrorUtils caught an error:

(XHRRequest): {"errorCode":"HTTP_TRANSPORT_ERROR","errorMsg":"","errorRawTransport":"XMLHttpRequest","errorRawTransportStatus":0,"errorRawResponseHeaders":null,"errorType":"HTTP"} [Caught in: Unable to download and inject BT manifest "longtail" for version: 1024008389]

Subsequent non-fatal errors won't be logged; see https://fburl.com/debugjs. [object Object]", source: https://static.cdninstagram.com/rsrc.php/v4/yu/r/R6-Uxg_mUAY.js (76)
